2026-01-25 19:32:17,361 - app.core.config - INFO - Logging to file: /Users/jerome/Documents/Code/MyAIAssistant/logs/app.log
2026-01-25 19:32:17,393 - sqlalchemy.engine.Engine - INFO - BEGIN (implicit)
2026-01-25 19:32:17,394 - sqlalchemy.engine.Engine - INFO - PRAGMA main.table_info("organizations")
2026-01-25 19:32:17,394 - sqlalchemy.engine.Engine - INFO - [raw sql] ()
2026-01-25 19:32:17,394 - sqlalchemy.engine.Engine - INFO - PRAGMA main.table_info("projects")
2026-01-25 19:32:17,394 - sqlalchemy.engine.Engine - INFO - [raw sql] ()
2026-01-25 19:32:17,394 - sqlalchemy.engine.Engine - INFO - PRAGMA main.table_info("todos")
2026-01-25 19:32:17,394 - sqlalchemy.engine.Engine - INFO - [raw sql] ()
2026-01-25 19:32:17,395 - sqlalchemy.engine.Engine - INFO - PRAGMA main.table_info("knowledge")
2026-01-25 19:32:17,395 - sqlalchemy.engine.Engine - INFO - [raw sql] ()
2026-01-25 19:32:17,395 - sqlalchemy.engine.Engine - INFO - PRAGMA main.table_info("task_plans")
2026-01-25 19:32:17,395 - sqlalchemy.engine.Engine - INFO - [raw sql] ()
2026-01-25 19:32:17,395 - sqlalchemy.engine.Engine - INFO - PRAGMA main.table_info("meetings")
2026-01-25 19:32:17,395 - sqlalchemy.engine.Engine - INFO - [raw sql] ()
2026-01-25 19:32:17,395 - sqlalchemy.engine.Engine - INFO - PRAGMA main.table_info("assets")
2026-01-25 19:32:17,395 - sqlalchemy.engine.Engine - INFO - [raw sql] ()
2026-01-25 19:32:17,395 - sqlalchemy.engine.Engine - INFO - PRAGMA main.table_info("persons")
2026-01-25 19:32:17,396 - sqlalchemy.engine.Engine - INFO - [raw sql] ()
2026-01-25 19:32:17,396 - sqlalchemy.engine.Engine - INFO - PRAGMA main.table_info("slp_assessments")
2026-01-25 19:32:17,396 - sqlalchemy.engine.Engine - INFO - [raw sql] ()
2026-01-25 19:32:17,396 - sqlalchemy.engine.Engine - INFO - COMMIT
2026-01-25 19:32:42,005 - sqlalchemy.engine.Engine - INFO - BEGIN (implicit)
2026-01-25 19:32:42,015 - sqlalchemy.engine.Engine - INFO - SELECT meetings.id, meetings.meeting_id, meetings.project_id, meetings.org_id, meetings.file_ref, meetings.attendees, meetings.created_at, meetings.updated_at 
FROM meetings 
WHERE meetings.id = ?
2026-01-25 19:32:42,015 - sqlalchemy.engine.Engine - INFO - [generated in 0.00019s] (1,)
2026-01-25 19:32:42,016 - sqlalchemy.engine.Engine - INFO - SELECT organizations.id, organizations.name, organizations.stakeholders, organizations.team, organizations.description, organizations.related_products, organizations.created_at, organizations.updated_at 
FROM organizations 
WHERE organizations.id = ?
2026-01-25 19:32:42,016 - sqlalchemy.engine.Engine - INFO - [generated in 0.00008s] (1,)
2026-01-25 19:32:42,017 - sqlalchemy.engine.Engine - INFO - SELECT projects.id, projects.name, projects.description, projects.organization_id, projects.status, projects.tasks, projects.past_steps, projects.next_steps, projects.created_at, projects.updated_at 
FROM projects 
WHERE projects.id = ?
2026-01-25 19:32:42,017 - sqlalchemy.engine.Engine - INFO - [generated in 0.00006s] (1,)
2026-01-25 19:32:42,017 - agent_core.agents.agent_factory - WARNING - Config directory not found: /Users/jerome/Documents/Code/MyAIAssistant/backend/agent_core/agents/config
2026-01-25 19:32:42,017 - sqlalchemy.engine.Engine - INFO - ROLLBACK
2026-01-25 19:32:47,270 - app.core.config - INFO - Logging to file: /Users/jerome/Documents/Code/MyAIAssistant/logs/app.log
2026-01-25 19:32:47,298 - sqlalchemy.engine.Engine - INFO - BEGIN (implicit)
2026-01-25 19:32:47,298 - sqlalchemy.engine.Engine - INFO - PRAGMA main.table_info("organizations")
2026-01-25 19:32:47,298 - sqlalchemy.engine.Engine - INFO - [raw sql] ()
2026-01-25 19:32:47,299 - sqlalchemy.engine.Engine - INFO - PRAGMA main.table_info("projects")
2026-01-25 19:32:47,299 - sqlalchemy.engine.Engine - INFO - [raw sql] ()
2026-01-25 19:32:47,299 - sqlalchemy.engine.Engine - INFO - PRAGMA main.table_info("todos")
2026-01-25 19:32:47,299 - sqlalchemy.engine.Engine - INFO - [raw sql] ()
2026-01-25 19:32:47,300 - sqlalchemy.engine.Engine - INFO - PRAGMA main.table_info("knowledge")
2026-01-25 19:32:47,300 - sqlalchemy.engine.Engine - INFO - [raw sql] ()
2026-01-25 19:32:47,300 - sqlalchemy.engine.Engine - INFO - PRAGMA main.table_info("task_plans")
2026-01-25 19:32:47,301 - sqlalchemy.engine.Engine - INFO - [raw sql] ()
2026-01-25 19:32:47,308 - sqlalchemy.engine.Engine - INFO - PRAGMA main.table_info("meetings")
2026-01-25 19:32:47,308 - sqlalchemy.engine.Engine - INFO - [raw sql] ()
2026-01-25 19:32:47,313 - sqlalchemy.engine.Engine - INFO - PRAGMA main.table_info("assets")
2026-01-25 19:32:47,313 - sqlalchemy.engine.Engine - INFO - [raw sql] ()
2026-01-25 19:32:47,314 - sqlalchemy.engine.Engine - INFO - PRAGMA main.table_info("persons")
2026-01-25 19:32:47,314 - sqlalchemy.engine.Engine - INFO - [raw sql] ()
2026-01-25 19:32:47,314 - sqlalchemy.engine.Engine - INFO - PRAGMA main.table_info("slp_assessments")
2026-01-25 19:32:47,314 - sqlalchemy.engine.Engine - INFO - [raw sql] ()
2026-01-25 19:32:47,314 - sqlalchemy.engine.Engine - INFO - COMMIT
2026-01-25 19:35:15,218 - app.core.config - INFO - Logging to file: /Users/jerome/Documents/Code/MyAIAssistant/logs/app.log
2026-01-25 19:35:15,244 - sqlalchemy.engine.Engine - INFO - BEGIN (implicit)
2026-01-25 19:35:15,244 - sqlalchemy.engine.Engine - INFO - PRAGMA main.table_info("organizations")
2026-01-25 19:35:15,244 - sqlalchemy.engine.Engine - INFO - [raw sql] ()
2026-01-25 19:35:15,244 - sqlalchemy.engine.Engine - INFO - PRAGMA main.table_info("projects")
2026-01-25 19:35:15,244 - sqlalchemy.engine.Engine - INFO - [raw sql] ()
2026-01-25 19:35:15,244 - sqlalchemy.engine.Engine - INFO - PRAGMA main.table_info("todos")
2026-01-25 19:35:15,244 - sqlalchemy.engine.Engine - INFO - [raw sql] ()
2026-01-25 19:35:15,245 - sqlalchemy.engine.Engine - INFO - PRAGMA main.table_info("knowledge")
2026-01-25 19:35:15,245 - sqlalchemy.engine.Engine - INFO - [raw sql] ()
2026-01-25 19:35:15,245 - sqlalchemy.engine.Engine - INFO - PRAGMA main.table_info("task_plans")
2026-01-25 19:35:15,245 - sqlalchemy.engine.Engine - INFO - [raw sql] ()
2026-01-25 19:35:15,245 - sqlalchemy.engine.Engine - INFO - PRAGMA main.table_info("meetings")
2026-01-25 19:35:15,245 - sqlalchemy.engine.Engine - INFO - [raw sql] ()
2026-01-25 19:35:15,245 - sqlalchemy.engine.Engine - INFO - PRAGMA main.table_info("assets")
2026-01-25 19:35:15,245 - sqlalchemy.engine.Engine - INFO - [raw sql] ()
2026-01-25 19:35:15,246 - sqlalchemy.engine.Engine - INFO - PRAGMA main.table_info("persons")
2026-01-25 19:35:15,246 - sqlalchemy.engine.Engine - INFO - [raw sql] ()
2026-01-25 19:35:15,246 - sqlalchemy.engine.Engine - INFO - PRAGMA main.table_info("slp_assessments")
2026-01-25 19:35:15,246 - sqlalchemy.engine.Engine - INFO - [raw sql] ()
2026-01-25 19:35:15,246 - sqlalchemy.engine.Engine - INFO - COMMIT
2026-01-25 19:44:02,035 - app.core.config - INFO - Logging to file: /Users/jerome/Documents/Code/MyAIAssistant/logs/app.log
2026-01-25 19:44:02,062 - sqlalchemy.engine.Engine - INFO - BEGIN (implicit)
2026-01-25 19:44:02,062 - sqlalchemy.engine.Engine - INFO - PRAGMA main.table_info("organizations")
2026-01-25 19:44:02,063 - sqlalchemy.engine.Engine - INFO - [raw sql] ()
2026-01-25 19:44:02,063 - sqlalchemy.engine.Engine - INFO - PRAGMA main.table_info("projects")
2026-01-25 19:44:02,063 - sqlalchemy.engine.Engine - INFO - [raw sql] ()
2026-01-25 19:44:02,063 - sqlalchemy.engine.Engine - INFO - PRAGMA main.table_info("todos")
2026-01-25 19:44:02,063 - sqlalchemy.engine.Engine - INFO - [raw sql] ()
2026-01-25 19:44:02,063 - sqlalchemy.engine.Engine - INFO - PRAGMA main.table_info("knowledge")
2026-01-25 19:44:02,063 - sqlalchemy.engine.Engine - INFO - [raw sql] ()
2026-01-25 19:44:02,064 - sqlalchemy.engine.Engine - INFO - PRAGMA main.table_info("task_plans")
2026-01-25 19:44:02,064 - sqlalchemy.engine.Engine - INFO - [raw sql] ()
2026-01-25 19:44:02,064 - sqlalchemy.engine.Engine - INFO - PRAGMA main.table_info("meetings")
2026-01-25 19:44:02,064 - sqlalchemy.engine.Engine - INFO - [raw sql] ()
2026-01-25 19:44:02,064 - sqlalchemy.engine.Engine - INFO - PRAGMA main.table_info("assets")
2026-01-25 19:44:02,064 - sqlalchemy.engine.Engine - INFO - [raw sql] ()
2026-01-25 19:44:02,064 - sqlalchemy.engine.Engine - INFO - PRAGMA main.table_info("persons")
2026-01-25 19:44:02,064 - sqlalchemy.engine.Engine - INFO - [raw sql] ()
2026-01-25 19:44:02,064 - sqlalchemy.engine.Engine - INFO - PRAGMA main.table_info("slp_assessments")
2026-01-25 19:44:02,064 - sqlalchemy.engine.Engine - INFO - [raw sql] ()
2026-01-25 19:44:02,065 - sqlalchemy.engine.Engine - INFO - COMMIT
2026-01-25 19:44:06,498 - app.core.config - INFO - Logging to file: /Users/jerome/Documents/Code/MyAIAssistant/logs/app.log
2026-01-25 19:44:06,526 - sqlalchemy.engine.Engine - INFO - BEGIN (implicit)
2026-01-25 19:44:06,526 - sqlalchemy.engine.Engine - INFO - PRAGMA main.table_info("organizations")
2026-01-25 19:44:06,526 - sqlalchemy.engine.Engine - INFO - [raw sql] ()
2026-01-25 19:44:06,526 - sqlalchemy.engine.Engine - INFO - PRAGMA main.table_info("projects")
2026-01-25 19:44:06,526 - sqlalchemy.engine.Engine - INFO - [raw sql] ()
2026-01-25 19:44:06,527 - sqlalchemy.engine.Engine - INFO - PRAGMA main.table_info("todos")
2026-01-25 19:44:06,527 - sqlalchemy.engine.Engine - INFO - [raw sql] ()
2026-01-25 19:44:06,527 - sqlalchemy.engine.Engine - INFO - PRAGMA main.table_info("knowledge")
2026-01-25 19:44:06,527 - sqlalchemy.engine.Engine - INFO - [raw sql] ()
2026-01-25 19:44:06,527 - sqlalchemy.engine.Engine - INFO - PRAGMA main.table_info("task_plans")
2026-01-25 19:44:06,527 - sqlalchemy.engine.Engine - INFO - [raw sql] ()
2026-01-25 19:44:06,527 - sqlalchemy.engine.Engine - INFO - PRAGMA main.table_info("meetings")
2026-01-25 19:44:06,527 - sqlalchemy.engine.Engine - INFO - [raw sql] ()
2026-01-25 19:44:06,528 - sqlalchemy.engine.Engine - INFO - PRAGMA main.table_info("assets")
2026-01-25 19:44:06,528 - sqlalchemy.engine.Engine - INFO - [raw sql] ()
2026-01-25 19:44:06,528 - sqlalchemy.engine.Engine - INFO - PRAGMA main.table_info("persons")
2026-01-25 19:44:06,528 - sqlalchemy.engine.Engine - INFO - [raw sql] ()
2026-01-25 19:44:06,528 - sqlalchemy.engine.Engine - INFO - PRAGMA main.table_info("slp_assessments")
2026-01-25 19:44:06,528 - sqlalchemy.engine.Engine - INFO - [raw sql] ()
2026-01-25 19:44:06,528 - sqlalchemy.engine.Engine - INFO - COMMIT
2026-01-25 19:44:17,927 - app.core.config - INFO - Logging to file: /Users/jerome/Documents/Code/MyAIAssistant/logs/app.log
2026-01-25 19:44:17,954 - sqlalchemy.engine.Engine - INFO - BEGIN (implicit)
2026-01-25 19:44:17,955 - sqlalchemy.engine.Engine - INFO - PRAGMA main.table_info("organizations")
2026-01-25 19:44:17,955 - sqlalchemy.engine.Engine - INFO - [raw sql] ()
2026-01-25 19:44:17,955 - sqlalchemy.engine.Engine - INFO - PRAGMA main.table_info("projects")
2026-01-25 19:44:17,955 - sqlalchemy.engine.Engine - INFO - [raw sql] ()
2026-01-25 19:44:17,955 - sqlalchemy.engine.Engine - INFO - PRAGMA main.table_info("todos")
2026-01-25 19:44:17,955 - sqlalchemy.engine.Engine - INFO - [raw sql] ()
2026-01-25 19:44:17,956 - sqlalchemy.engine.Engine - INFO - PRAGMA main.table_info("knowledge")
2026-01-25 19:44:17,956 - sqlalchemy.engine.Engine - INFO - [raw sql] ()
2026-01-25 19:44:17,956 - sqlalchemy.engine.Engine - INFO - PRAGMA main.table_info("task_plans")
2026-01-25 19:44:17,956 - sqlalchemy.engine.Engine - INFO - [raw sql] ()
2026-01-25 19:44:17,956 - sqlalchemy.engine.Engine - INFO - PRAGMA main.table_info("meetings")
2026-01-25 19:44:17,956 - sqlalchemy.engine.Engine - INFO - [raw sql] ()
2026-01-25 19:44:17,956 - sqlalchemy.engine.Engine - INFO - PRAGMA main.table_info("assets")
2026-01-25 19:44:17,956 - sqlalchemy.engine.Engine - INFO - [raw sql] ()
2026-01-25 19:44:17,957 - sqlalchemy.engine.Engine - INFO - PRAGMA main.table_info("persons")
2026-01-25 19:44:17,957 - sqlalchemy.engine.Engine - INFO - [raw sql] ()
2026-01-25 19:44:17,957 - sqlalchemy.engine.Engine - INFO - PRAGMA main.table_info("slp_assessments")
2026-01-25 19:44:17,957 - sqlalchemy.engine.Engine - INFO - [raw sql] ()
2026-01-25 19:44:17,957 - sqlalchemy.engine.Engine - INFO - COMMIT
2026-01-25 19:44:20,826 - app.core.config - INFO - Logging to file: /Users/jerome/Documents/Code/MyAIAssistant/logs/app.log
2026-01-25 19:44:20,852 - sqlalchemy.engine.Engine - INFO - BEGIN (implicit)
2026-01-25 19:44:20,852 - sqlalchemy.engine.Engine - INFO - PRAGMA main.table_info("organizations")
2026-01-25 19:44:20,852 - sqlalchemy.engine.Engine - INFO - [raw sql] ()
2026-01-25 19:44:20,852 - sqlalchemy.engine.Engine - INFO - PRAGMA main.table_info("projects")
2026-01-25 19:44:20,852 - sqlalchemy.engine.Engine - INFO - [raw sql] ()
2026-01-25 19:44:20,853 - sqlalchemy.engine.Engine - INFO - PRAGMA main.table_info("todos")
2026-01-25 19:44:20,853 - sqlalchemy.engine.Engine - INFO - [raw sql] ()
2026-01-25 19:44:20,853 - sqlalchemy.engine.Engine - INFO - PRAGMA main.table_info("knowledge")
2026-01-25 19:44:20,853 - sqlalchemy.engine.Engine - INFO - [raw sql] ()
2026-01-25 19:44:20,853 - sqlalchemy.engine.Engine - INFO - PRAGMA main.table_info("task_plans")
2026-01-25 19:44:20,853 - sqlalchemy.engine.Engine - INFO - [raw sql] ()
2026-01-25 19:44:20,853 - sqlalchemy.engine.Engine - INFO - PRAGMA main.table_info("meetings")
2026-01-25 19:44:20,853 - sqlalchemy.engine.Engine - INFO - [raw sql] ()
2026-01-25 19:44:20,853 - sqlalchemy.engine.Engine - INFO - PRAGMA main.table_info("assets")
2026-01-25 19:44:20,853 - sqlalchemy.engine.Engine - INFO - [raw sql] ()
2026-01-25 19:44:20,854 - sqlalchemy.engine.Engine - INFO - PRAGMA main.table_info("persons")
2026-01-25 19:44:20,854 - sqlalchemy.engine.Engine - INFO - [raw sql] ()
2026-01-25 19:44:20,854 - sqlalchemy.engine.Engine - INFO - PRAGMA main.table_info("slp_assessments")
2026-01-25 19:44:20,854 - sqlalchemy.engine.Engine - INFO - [raw sql] ()
2026-01-25 19:44:20,854 - sqlalchemy.engine.Engine - INFO - COMMIT
2026-01-25 19:44:25,249 - app.core.config - INFO - Logging to file: /Users/jerome/Documents/Code/MyAIAssistant/logs/app.log
2026-01-25 19:44:25,275 - sqlalchemy.engine.Engine - INFO - BEGIN (implicit)
2026-01-25 19:44:25,275 - sqlalchemy.engine.Engine - INFO - PRAGMA main.table_info("organizations")
2026-01-25 19:44:25,275 - sqlalchemy.engine.Engine - INFO - [raw sql] ()
2026-01-25 19:44:25,276 - sqlalchemy.engine.Engine - INFO - PRAGMA main.table_info("projects")
2026-01-25 19:44:25,276 - sqlalchemy.engine.Engine - INFO - [raw sql] ()
2026-01-25 19:44:25,276 - sqlalchemy.engine.Engine - INFO - PRAGMA main.table_info("todos")
2026-01-25 19:44:25,276 - sqlalchemy.engine.Engine - INFO - [raw sql] ()
2026-01-25 19:44:25,276 - sqlalchemy.engine.Engine - INFO - PRAGMA main.table_info("knowledge")
2026-01-25 19:44:25,276 - sqlalchemy.engine.Engine - INFO - [raw sql] ()
2026-01-25 19:44:25,277 - sqlalchemy.engine.Engine - INFO - PRAGMA main.table_info("task_plans")
2026-01-25 19:44:25,277 - sqlalchemy.engine.Engine - INFO - [raw sql] ()
2026-01-25 19:44:25,277 - sqlalchemy.engine.Engine - INFO - PRAGMA main.table_info("meetings")
2026-01-25 19:44:25,277 - sqlalchemy.engine.Engine - INFO - [raw sql] ()
2026-01-25 19:44:25,277 - sqlalchemy.engine.Engine - INFO - PRAGMA main.table_info("assets")
2026-01-25 19:44:25,277 - sqlalchemy.engine.Engine - INFO - [raw sql] ()
2026-01-25 19:44:25,277 - sqlalchemy.engine.Engine - INFO - PRAGMA main.table_info("persons")
2026-01-25 19:44:25,277 - sqlalchemy.engine.Engine - INFO - [raw sql] ()
2026-01-25 19:44:25,277 - sqlalchemy.engine.Engine - INFO - PRAGMA main.table_info("slp_assessments")
2026-01-25 19:44:25,277 - sqlalchemy.engine.Engine - INFO - [raw sql] ()
2026-01-25 19:44:25,278 - sqlalchemy.engine.Engine - INFO - COMMIT
2026-01-25 19:44:27,691 - app.core.config - INFO - Logging to file: /Users/jerome/Documents/Code/MyAIAssistant/logs/app.log
2026-01-25 19:44:27,718 - sqlalchemy.engine.Engine - INFO - BEGIN (implicit)
2026-01-25 19:44:27,718 - sqlalchemy.engine.Engine - INFO - PRAGMA main.table_info("organizations")
2026-01-25 19:44:27,718 - sqlalchemy.engine.Engine - INFO - [raw sql] ()
2026-01-25 19:44:27,718 - sqlalchemy.engine.Engine - INFO - PRAGMA main.table_info("projects")
2026-01-25 19:44:27,718 - sqlalchemy.engine.Engine - INFO - [raw sql] ()
2026-01-25 19:44:27,719 - sqlalchemy.engine.Engine - INFO - PRAGMA main.table_info("todos")
2026-01-25 19:44:27,719 - sqlalchemy.engine.Engine - INFO - [raw sql] ()
2026-01-25 19:44:27,719 - sqlalchemy.engine.Engine - INFO - PRAGMA main.table_info("knowledge")
2026-01-25 19:44:27,719 - sqlalchemy.engine.Engine - INFO - [raw sql] ()
2026-01-25 19:44:27,719 - sqlalchemy.engine.Engine - INFO - PRAGMA main.table_info("task_plans")
2026-01-25 19:44:27,719 - sqlalchemy.engine.Engine - INFO - [raw sql] ()
2026-01-25 19:44:27,719 - sqlalchemy.engine.Engine - INFO - PRAGMA main.table_info("meetings")
2026-01-25 19:44:27,719 - sqlalchemy.engine.Engine - INFO - [raw sql] ()
2026-01-25 19:44:27,719 - sqlalchemy.engine.Engine - INFO - PRAGMA main.table_info("assets")
2026-01-25 19:44:27,719 - sqlalchemy.engine.Engine - INFO - [raw sql] ()
2026-01-25 19:44:27,720 - sqlalchemy.engine.Engine - INFO - PRAGMA main.table_info("persons")
2026-01-25 19:44:27,720 - sqlalchemy.engine.Engine - INFO - [raw sql] ()
2026-01-25 19:44:27,720 - sqlalchemy.engine.Engine - INFO - PRAGMA main.table_info("slp_assessments")
2026-01-25 19:44:27,720 - sqlalchemy.engine.Engine - INFO - [raw sql] ()
2026-01-25 19:44:27,720 - sqlalchemy.engine.Engine - INFO - COMMIT
2026-01-25 19:44:28,879 - app.core.config - INFO - Logging to file: /Users/jerome/Documents/Code/MyAIAssistant/logs/app.log
2026-01-25 19:44:28,905 - sqlalchemy.engine.Engine - INFO - BEGIN (implicit)
2026-01-25 19:44:28,906 - sqlalchemy.engine.Engine - INFO - PRAGMA main.table_info("organizations")
2026-01-25 19:44:28,906 - sqlalchemy.engine.Engine - INFO - [raw sql] ()
2026-01-25 19:44:28,906 - sqlalchemy.engine.Engine - INFO - PRAGMA main.table_info("projects")
2026-01-25 19:44:28,906 - sqlalchemy.engine.Engine - INFO - [raw sql] ()
2026-01-25 19:44:28,906 - sqlalchemy.engine.Engine - INFO - PRAGMA main.table_info("todos")
2026-01-25 19:44:28,906 - sqlalchemy.engine.Engine - INFO - [raw sql] ()
2026-01-25 19:44:28,907 - sqlalchemy.engine.Engine - INFO - PRAGMA main.table_info("knowledge")
2026-01-25 19:44:28,907 - sqlalchemy.engine.Engine - INFO - [raw sql] ()
2026-01-25 19:44:28,907 - sqlalchemy.engine.Engine - INFO - PRAGMA main.table_info("task_plans")
2026-01-25 19:44:28,907 - sqlalchemy.engine.Engine - INFO - [raw sql] ()
2026-01-25 19:44:28,907 - sqlalchemy.engine.Engine - INFO - PRAGMA main.table_info("meetings")
2026-01-25 19:44:28,907 - sqlalchemy.engine.Engine - INFO - [raw sql] ()
2026-01-25 19:44:28,907 - sqlalchemy.engine.Engine - INFO - PRAGMA main.table_info("assets")
2026-01-25 19:52:15,235 - sqlalchemy.engine.Engine - INFO - [raw sql] ()
2026-01-25 19:52:15,236 - sqlalchemy.engine.Engine - INFO - PRAGMA main.table_info("persons")
2026-01-25 19:52:15,236 - sqlalchemy.engine.Engine - INFO - [raw sql] ()
2026-01-25 19:52:15,236 - sqlalchemy.engine.Engine - INFO - PRAGMA main.table_info("slp_assessments")
2026-01-25 19:52:15,236 - sqlalchemy.engine.Engine - INFO - [raw sql] ()
2026-01-25 19:52:15,236 - sqlalchemy.engine.Engine - INFO - COMMIT
